e:\work\cpp\vsproj\glfw-3.3\xplane\x64\debug\vc142.pdb
e:\work\cpp\vsproj\glfw-3.3\xplane\x64\debug\vc142.idb
e:\work\cpp\vsproj\glfw-3.3\xplane\x64\debug\objectbuilder.obj
e:\work\cpp\vsproj\glfw-3.3\xplane\x64\debug\mixergui.obj
e:\work\cpp\vsproj\glfw-3.3\xplane\x64\debug\mixerengine.obj
e:\work\cpp\vsproj\glfw-3.3\xplane\x64\debug\meshrenderer.obj
e:\work\cpp\vsproj\glfw-3.3\xplane\x64\debug\stlmeshloader.obj
e:\work\cpp\vsproj\glfw-3.3\xplane\x64\debug\raytracer.obj
e:\work\cpp\vsproj\glfw-3.3\xplane\x64\debug\mesh.obj
e:\work\cpp\vsproj\glfw-3.3\xplane\x64\debug\main.obj
e:\work\cpp\vsproj\glfw-3.3\xplane\x64\debug\loger.obj
e:\work\cpp\vsproj\glfw-3.3\xplane\x64\debug\lightbuilder.obj
e:\work\cpp\vsproj\glfw-3.3\xplane\x64\debug\input.obj
e:\work\cpp\vsproj\glfw-3.3\xplane\x64\debug\filemanager.obj
e:\work\cpp\vsproj\glfw-3.3\xplane\x64\debug\componentmanager.obj
e:\work\cpp\vsproj\glfw-3.3\xplane\x64\debug\camera.obj
e:\work\cpp\vsproj\glfw-3.3\xplane\x64\debug\imgui_widgets.obj
e:\work\cpp\vsproj\glfw-3.3\xplane\x64\debug\imgui_impl_opengl3.obj
e:\work\cpp\vsproj\glfw-3.3\xplane\x64\debug\imgui_impl_glfw.obj
e:\work\cpp\vsproj\glfw-3.3\xplane\x64\debug\imgui_draw.obj
e:\work\cpp\vsproj\glfw-3.3\xplane\x64\debug\imgui_demo.obj
e:\work\cpp\vsproj\glfw-3.3\xplane\x64\debug\imgui.obj
e:\work\cpp\vsproj\glfw-3.3\xplane\x64\debug\window.obj
e:\work\cpp\vsproj\glfw-3.3\xplane\x64\debug\vectormath.obj
e:\work\cpp\vsproj\glfw-3.3\xplane\x64\debug\shader.obj
e:\work\cpp\vsproj\glfw-3.3\xplane\x64\debug\scenesaveloader.obj
e:\work\cpp\vsproj\glfw-3.3\xplane\x64\debug\scenerenderer.obj
e:\work\cpp\vsproj\glfw-3.3\xplane\x64\debug\scene.obj
e:\work\cpp\vsproj\glfw-3.3\xplane\x64\debug\objectloader.obj
e:\work\cpp\vsproj\glfw-3.3\xplane\x64\debug\glad.obj
e:\work\cpp\vsproj\glfw-3.3\build\x64\debug\mixer.exe
e:\work\cpp\vsproj\glfw-3.3\build\x64\debug\mixer.ilk
e:\work\cpp\vsproj\glfw-3.3\build\x64\debug\mixer.pdb
e:\work\cpp\vsproj\glfw-3.3\xplane\x64\debug\mixer.res
e:\work\cpp\vsproj\glfw-3.3\xplane\x64\debug\mixer.tlog\cl.command.1.tlog
e:\work\cpp\vsproj\glfw-3.3\xplane\x64\debug\mixer.tlog\cl.read.1.tlog
e:\work\cpp\vsproj\glfw-3.3\xplane\x64\debug\mixer.tlog\cl.write.1.tlog
e:\work\cpp\vsproj\glfw-3.3\xplane\x64\debug\mixer.tlog\link.command.1.tlog
e:\work\cpp\vsproj\glfw-3.3\xplane\x64\debug\mixer.tlog\link.read.1.tlog
e:\work\cpp\vsproj\glfw-3.3\xplane\x64\debug\mixer.tlog\link.write.1.tlog
e:\work\cpp\vsproj\glfw-3.3\xplane\x64\debug\mixer.tlog\rc.command.1.tlog
e:\work\cpp\vsproj\glfw-3.3\xplane\x64\debug\mixer.tlog\rc.read.1.tlog
e:\work\cpp\vsproj\glfw-3.3\xplane\x64\debug\mixer.tlog\rc.write.1.tlog
