E:\Programms\VISUALSTUDIO\MSBuild\Microsoft\VC\v160\Microsoft.CppBuild.targets(459,5): warning MSB8028: The intermediate directory (x64\Debug\) contains files shared from another project (xplane.vcxproj).  This can lead to incorrect clean and rebuild behavior.
  MeshRenderer.cpp
E:\WORK\CPP\vsProj\glfw-3.3\xplane\MeshRenderer.cpp(31,72): warning C4267: 'argument': conversion from 'size_t' to 'GLsizei', possible loss of data
  STLMeshLoader.cpp
  SceneRenderer.cpp
  lightBuilder.cpp
  main.cpp
E:\WORK\CPP\vsProj\glfw-3.3\xplane\rayTracer.h(69,1): warning C4267: 'initializing': conversion from 'size_t' to 'int', possible loss of data
E:\WORK\CPP\vsProj\glfw-3.3\xplane\rayTracer.h(87,37): warning C4244: 'initializing': conversion from 'double' to 'float', possible loss of data
E:\WORK\CPP\vsProj\glfw-3.3\xplane\rayTracer.h(87,33): warning C4244: 'initializing': conversion from 'double' to 'const float', possible loss of data
E:\WORK\CPP\vsProj\glfw-3.3\xplane\rayTracer.h(124,1): warning C4267: 'initializing': conversion from 'size_t' to 'int', possible loss of data
E:\WORK\CPP\vsProj\glfw-3.3\xplane\rayTracer.h(124,1): warning C4267: 'initializing': conversion from 'size_t' to 'const int', possible loss of data
E:\WORK\CPP\vsProj\glfw-3.3\xplane\rayTracer.h(126,41): warning C4244: '=': conversion from 'T' to 'uint8_t', possible loss of data
          with
          [
              T=float
          ]
E:\WORK\CPP\vsProj\glfw-3.3\xplane\rayTracer.h(127,41): warning C4244: '=': conversion from 'T' to 'uint8_t', possible loss of data
          with
          [
              T=float
          ]
E:\WORK\CPP\vsProj\glfw-3.3\xplane\rayTracer.h(128,37): warning C4244: '=': conversion from 'T' to 'uint8_t', possible loss of data
          with
          [
              T=float
          ]
E:\WORK\CPP\vsProj\glfw-3.3\xplane\rayTracer.h(135,39): warning C4244: 'argument': conversion from 'T' to 'genType', possible loss of data
          with
          [
              T=float
          ]
          and
          [
              genType=int
          ]
E:\WORK\CPP\vsProj\glfw-3.3\xplane\rayTracer.h(135,73): warning C4244: 'argument': conversion from 'T' to 'genType', possible loss of data
          with
          [
              T=float
          ]
          and
          [
              genType=int
          ]
E:\WORK\CPP\vsProj\glfw-3.3\xplane\rayTracer.h(135,107): warning C4244: 'argument': conversion from 'T' to 'genType', possible loss of data
          with
          [
              T=float
          ]
          and
          [
              genType=int
          ]
E:\WORK\CPP\vsProj\glfw-3.3\xplane\rayTracer.h(172,21): warning C4244: 'initializing': conversion from 'double' to 'float', possible loss of data
E:\WORK\CPP\vsProj\glfw-3.3\xplane\rayTracer.h(173,21): warning C4244: 'initializing': conversion from 'double' to 'float', possible loss of data
E:\WORK\CPP\vsProj\glfw-3.3\xplane\rayTracer.h(182,74): warning C4244: 'argument': conversion from 'float' to 'int', possible loss of data
E:\WORK\CPP\vsProj\glfw-3.3\xplane\rayTracer.h(182,51): warning C4244: 'argument': conversion from 'float' to 'int', possible loss of data
E:\WORK\CPP\vsProj\glfw-3.3\xplane\rayTracer.h(182,1): warning C4267: 'initializing': conversion from 'size_t' to 'int', possible loss of data
C:\Program Files (x86)\Windows Kits\10\Include\10.0.18362.0\shared\minwindef.h(130,1): warning C4005: 'APIENTRY': macro redefinition
E:\WORK\CPP\vsProj\glfw-3.3\build\include\glad\glad.h(32): message : see previous definition of 'APIENTRY'
E:\WORK\CPP\vsProj\glfw-3.3\xplane\mixerEngine.h(41,28): warning C4244: '=': conversion from 'double' to 'float', possible loss of data
E:\WORK\CPP\vsProj\glfw-3.3\xplane\mixerEngine.h(42,15): warning C4244: '=': conversion from 'double' to 'float', possible loss of data
  mesh.cpp
  mixerEngine.cpp
E:\WORK\CPP\vsProj\glfw-3.3\xplane\rayTracer.h(69,1): warning C4267: 'initializing': conversion from 'size_t' to 'int', possible loss of data
E:\WORK\CPP\vsProj\glfw-3.3\xplane\rayTracer.h(87,37): warning C4244: 'initializing': conversion from 'double' to 'float', possible loss of data
E:\WORK\CPP\vsProj\glfw-3.3\xplane\rayTracer.h(87,33): warning C4244: 'initializing': conversion from 'double' to 'const float', possible loss of data
E:\WORK\CPP\vsProj\glfw-3.3\xplane\rayTracer.h(124,1): warning C4267: 'initializing': conversion from 'size_t' to 'int', possible loss of data
E:\WORK\CPP\vsProj\glfw-3.3\xplane\rayTracer.h(124,1): warning C4267: 'initializing': conversion from 'size_t' to 'const int', possible loss of data
E:\WORK\CPP\vsProj\glfw-3.3\xplane\rayTracer.h(126,41): warning C4244: '=': conversion from 'T' to 'uint8_t', possible loss of data
          with
          [
              T=float
          ]
E:\WORK\CPP\vsProj\glfw-3.3\xplane\rayTracer.h(127,41): warning C4244: '=': conversion from 'T' to 'uint8_t', possible loss of data
          with
          [
              T=float
          ]
E:\WORK\CPP\vsProj\glfw-3.3\xplane\rayTracer.h(128,37): warning C4244: '=': conversion from 'T' to 'uint8_t', possible loss of data
          with
          [
              T=float
          ]
E:\WORK\CPP\vsProj\glfw-3.3\xplane\rayTracer.h(135,39): warning C4244: 'argument': conversion from 'T' to 'genType', possible loss of data
          with
          [
              T=float
          ]
          and
          [
              genType=int
          ]
E:\WORK\CPP\vsProj\glfw-3.3\xplane\rayTracer.h(135,73): warning C4244: 'argument': conversion from 'T' to 'genType', possible loss of data
          with
          [
              T=float
          ]
          and
          [
              genType=int
          ]
E:\WORK\CPP\vsProj\glfw-3.3\xplane\rayTracer.h(135,107): warning C4244: 'argument': conversion from 'T' to 'genType', possible loss of data
          with
          [
              T=float
          ]
          and
          [
              genType=int
          ]
E:\WORK\CPP\vsProj\glfw-3.3\xplane\rayTracer.h(172,21): warning C4244: 'initializing': conversion from 'double' to 'float', possible loss of data
E:\WORK\CPP\vsProj\glfw-3.3\xplane\rayTracer.h(173,21): warning C4244: 'initializing': conversion from 'double' to 'float', possible loss of data
E:\WORK\CPP\vsProj\glfw-3.3\xplane\rayTracer.h(182,74): warning C4244: 'argument': conversion from 'float' to 'int', possible loss of data
E:\WORK\CPP\vsProj\glfw-3.3\xplane\rayTracer.h(182,51): warning C4244: 'argument': conversion from 'float' to 'int', possible loss of data
E:\WORK\CPP\vsProj\glfw-3.3\xplane\rayTracer.h(182,1): warning C4267: 'initializing': conversion from 'size_t' to 'int', possible loss of data
C:\Program Files (x86)\Windows Kits\10\Include\10.0.18362.0\shared\minwindef.h(130,1): warning C4005: 'APIENTRY': macro redefinition
E:\WORK\CPP\vsProj\glfw-3.3\build\include\glad\glad.h(32): message : see previous definition of 'APIENTRY'
E:\WORK\CPP\vsProj\glfw-3.3\xplane\mixerEngine.h(41,28): warning C4244: '=': conversion from 'double' to 'float', possible loss of data
E:\WORK\CPP\vsProj\glfw-3.3\xplane\mixerEngine.h(42,15): warning C4244: '=': conversion from 'double' to 'float', possible loss of data
E:\WORK\CPP\vsProj\glfw-3.3\xplane\mixerEngine.cpp(65,66): warning C4244: 'argument': conversion from 'double' to 'float', possible loss of data
E:\WORK\CPP\vsProj\glfw-3.3\xplane\mixerEngine.cpp(65,47): warning C4244: 'argument': conversion from 'double' to 'float', possible loss of data
  mixerGUI.cpp
E:\WORK\CPP\vsProj\glfw-3.3\xplane\mixerGUI.cpp(241,72): warning C4305: 'argument': truncation from 'double' to 'float'
  objectBuilder.cpp
E:\WORK\CPP\vsProj\glfw-3.3\xplane\objectBuilder.cpp(55,56): warning C4305: 'argument': truncation from 'double' to 'float'
  scene.cpp
  sceneSaveLoader.cpp
  vectorMath.cpp
E:\WORK\CPP\vsProj\glfw-3.3\xplane\vectorMath.cpp(33,14): warning C4244: 'initializing': conversion from 'double' to 'float', possible loss of data
  Generating Code...
  xplane.vcxproj -> E:\WORK\CPP\vsProj\glfw-3.3\build\x64\Debug\mixer.exe
