e:\work\CPP\vsproj\glfw-3.3\build\src\glfw.dir\debug\glfw.pdb
e:\work\CPP\vsproj\glfw-3.3\build\src\glfw.dir\debug\osmesa_context.obj
e:\work\CPP\vsproj\glfw-3.3\build\src\glfw.dir\debug\egl_context.obj
e:\work\CPP\vsproj\glfw-3.3\build\src\glfw.dir\debug\wgl_context.obj
e:\work\CPP\vsproj\glfw-3.3\build\src\glfw.dir\debug\win32_window.obj
e:\work\CPP\vsproj\glfw-3.3\build\src\glfw.dir\debug\win32_thread.obj
e:\work\CPP\vsproj\glfw-3.3\build\src\glfw.dir\debug\win32_time.obj
e:\work\CPP\vsproj\glfw-3.3\build\src\glfw.dir\debug\win32_monitor.obj
e:\work\CPP\vsproj\glfw-3.3\build\src\glfw.dir\debug\win32_joystick.obj
e:\work\CPP\vsproj\glfw-3.3\build\src\glfw.dir\debug\win32_init.obj
e:\work\CPP\vsproj\glfw-3.3\build\src\glfw.dir\debug\window.obj
e:\work\CPP\vsproj\glfw-3.3\build\src\glfw.dir\debug\vulkan.obj
e:\work\CPP\vsproj\glfw-3.3\build\src\glfw.dir\debug\monitor.obj
e:\work\CPP\vsproj\glfw-3.3\build\src\glfw.dir\debug\input.obj
e:\work\CPP\vsproj\glfw-3.3\build\src\glfw.dir\debug\init.obj
e:\work\CPP\vsproj\glfw-3.3\build\src\glfw.dir\debug\context.obj
e:\work\CPP\vsproj\glfw-3.3\build\src\cmakefiles\generate.stamp
e:\work\CPP\vsproj\glfw-3.3\build\src\debug\glfw3.lib
e:\work\cpp\vsproj\glfw-3.3\build\src\glfw.dir\debug\context.obj
e:\work\cpp\vsproj\glfw-3.3\build\src\glfw.dir\debug\egl_context.obj
e:\work\cpp\vsproj\glfw-3.3\build\src\glfw.dir\debug\init.obj
e:\work\cpp\vsproj\glfw-3.3\build\src\glfw.dir\debug\input.obj
e:\work\cpp\vsproj\glfw-3.3\build\src\glfw.dir\debug\monitor.obj
e:\work\cpp\vsproj\glfw-3.3\build\src\glfw.dir\debug\osmesa_context.obj
e:\work\cpp\vsproj\glfw-3.3\build\src\glfw.dir\debug\vulkan.obj
e:\work\cpp\vsproj\glfw-3.3\build\src\glfw.dir\debug\wgl_context.obj
e:\work\cpp\vsproj\glfw-3.3\build\src\glfw.dir\debug\win32_init.obj
e:\work\cpp\vsproj\glfw-3.3\build\src\glfw.dir\debug\win32_joystick.obj
e:\work\cpp\vsproj\glfw-3.3\build\src\glfw.dir\debug\win32_monitor.obj
e:\work\cpp\vsproj\glfw-3.3\build\src\glfw.dir\debug\win32_thread.obj
e:\work\cpp\vsproj\glfw-3.3\build\src\glfw.dir\debug\win32_time.obj
e:\work\cpp\vsproj\glfw-3.3\build\src\glfw.dir\debug\win32_window.obj
e:\work\cpp\vsproj\glfw-3.3\build\src\glfw.dir\debug\window.obj
e:\work\cpp\vsproj\glfw-3.3\build\src\glfw.dir\debug\glfw.pdb
e:\work\cpp\vsproj\glfw-3.3\build\src\glfw.dir\debug\glfw.tlog\cl.command.1.tlog
e:\work\cpp\vsproj\glfw-3.3\build\src\glfw.dir\debug\glfw.tlog\cl.read.1.tlog
e:\work\cpp\vsproj\glfw-3.3\build\src\glfw.dir\debug\glfw.tlog\cl.write.1.tlog
e:\work\cpp\vsproj\glfw-3.3\build\src\glfw.dir\debug\glfw.tlog\custombuild.command.1.tlog
e:\work\cpp\vsproj\glfw-3.3\build\src\glfw.dir\debug\glfw.tlog\custombuild.read.1.tlog
e:\work\cpp\vsproj\glfw-3.3\build\src\glfw.dir\debug\glfw.tlog\custombuild.write.1.tlog
e:\work\cpp\vsproj\glfw-3.3\build\src\glfw.dir\debug\glfw.tlog\lib-link.read.1.tlog
e:\work\cpp\vsproj\glfw-3.3\build\src\glfw.dir\debug\glfw.tlog\lib-link.write.1.tlog
e:\work\cpp\vsproj\glfw-3.3\build\src\glfw.dir\debug\glfw.tlog\lib.command.1.tlog
