e:\work\cpp\vsproj\glfw-3.3\xplane\x64\release\vc142.pdb
e:\work\cpp\vsproj\glfw-3.3\xplane\x64\release\objectbuilder.nativecodeanalysis.sarif
e:\work\cpp\vsproj\glfw-3.3\xplane\x64\release\objectbuilder.nativecodeanalysis.xml
e:\work\cpp\vsproj\glfw-3.3\xplane\x64\release\mixergui.nativecodeanalysis.sarif
e:\work\cpp\vsproj\glfw-3.3\xplane\x64\release\mixergui.nativecodeanalysis.xml
e:\work\cpp\vsproj\glfw-3.3\xplane\x64\release\mixerengine.nativecodeanalysis.sarif
e:\work\cpp\vsproj\glfw-3.3\xplane\x64\release\mixerengine.nativecodeanalysis.xml
e:\work\cpp\vsproj\glfw-3.3\xplane\x64\release\meshrenderer.nativecodeanalysis.sarif
e:\work\cpp\vsproj\glfw-3.3\xplane\x64\release\meshrenderer.nativecodeanalysis.xml
e:\work\cpp\vsproj\glfw-3.3\xplane\x64\release\stlmeshloader.nativecodeanalysis.sarif
e:\work\cpp\vsproj\glfw-3.3\xplane\x64\release\stlmeshloader.nativecodeanalysis.xml
e:\work\cpp\vsproj\glfw-3.3\xplane\x64\release\mesh.nativecodeanalysis.sarif
e:\work\cpp\vsproj\glfw-3.3\xplane\x64\release\mesh.nativecodeanalysis.xml
e:\work\cpp\vsproj\glfw-3.3\xplane\x64\release\main.nativecodeanalysis.sarif
e:\work\cpp\vsproj\glfw-3.3\xplane\x64\release\main.nativecodeanalysis.xml
e:\work\cpp\vsproj\glfw-3.3\xplane\x64\release\loger.nativecodeanalysis.sarif
e:\work\cpp\vsproj\glfw-3.3\xplane\x64\release\loger.nativecodeanalysis.xml
e:\work\cpp\vsproj\glfw-3.3\xplane\x64\release\lightbuilder.nativecodeanalysis.sarif
e:\work\cpp\vsproj\glfw-3.3\xplane\x64\release\lightbuilder.nativecodeanalysis.xml
e:\work\cpp\vsproj\glfw-3.3\xplane\x64\release\input.nativecodeanalysis.sarif
e:\work\cpp\vsproj\glfw-3.3\xplane\x64\release\input.nativecodeanalysis.xml
e:\work\cpp\vsproj\glfw-3.3\xplane\x64\release\filemanager.nativecodeanalysis.sarif
e:\work\cpp\vsproj\glfw-3.3\xplane\x64\release\filemanager.nativecodeanalysis.xml
e:\work\cpp\vsproj\glfw-3.3\xplane\x64\release\componentmanager.nativecodeanalysis.sarif
e:\work\cpp\vsproj\glfw-3.3\xplane\x64\release\componentmanager.nativecodeanalysis.xml
e:\work\cpp\vsproj\glfw-3.3\xplane\x64\release\camera.nativecodeanalysis.sarif
e:\work\cpp\vsproj\glfw-3.3\xplane\x64\release\camera.nativecodeanalysis.xml
e:\work\cpp\vsproj\glfw-3.3\xplane\x64\release\imgui_widgets.nativecodeanalysis.sarif
e:\work\cpp\vsproj\glfw-3.3\xplane\x64\release\imgui_widgets.nativecodeanalysis.xml
e:\work\cpp\vsproj\glfw-3.3\xplane\x64\release\imgui_impl_opengl3.nativecodeanalysis.sarif
e:\work\cpp\vsproj\glfw-3.3\xplane\x64\release\imgui_impl_opengl3.nativecodeanalysis.xml
e:\work\cpp\vsproj\glfw-3.3\xplane\x64\release\imgui_impl_glfw.nativecodeanalysis.sarif
e:\work\cpp\vsproj\glfw-3.3\xplane\x64\release\imgui_impl_glfw.nativecodeanalysis.xml
e:\work\cpp\vsproj\glfw-3.3\xplane\x64\release\imgui_draw.nativecodeanalysis.sarif
e:\work\cpp\vsproj\glfw-3.3\xplane\x64\release\imgui_draw.nativecodeanalysis.xml
e:\work\cpp\vsproj\glfw-3.3\xplane\x64\release\imgui_demo.nativecodeanalysis.sarif
e:\work\cpp\vsproj\glfw-3.3\xplane\x64\release\imgui_demo.nativecodeanalysis.xml
e:\work\cpp\vsproj\glfw-3.3\xplane\x64\release\imgui.nativecodeanalysis.sarif
e:\work\cpp\vsproj\glfw-3.3\xplane\x64\release\imgui.nativecodeanalysis.xml
e:\work\cpp\vsproj\glfw-3.3\xplane\x64\release\imgui.obj
e:\work\cpp\vsproj\glfw-3.3\xplane\x64\release\imgui_demo.obj
e:\work\cpp\vsproj\glfw-3.3\xplane\x64\release\imgui_draw.obj
e:\work\cpp\vsproj\glfw-3.3\xplane\x64\release\imgui_impl_glfw.obj
e:\work\cpp\vsproj\glfw-3.3\xplane\x64\release\imgui_impl_opengl3.obj
e:\work\cpp\vsproj\glfw-3.3\xplane\x64\release\imgui_widgets.obj
e:\work\cpp\vsproj\glfw-3.3\xplane\x64\release\camera.obj
e:\work\cpp\vsproj\glfw-3.3\xplane\x64\release\componentmanager.obj
e:\work\cpp\vsproj\glfw-3.3\xplane\x64\release\filemanager.obj
e:\work\cpp\vsproj\glfw-3.3\xplane\x64\release\input.obj
e:\work\cpp\vsproj\glfw-3.3\xplane\x64\release\lightbuilder.obj
e:\work\cpp\vsproj\glfw-3.3\xplane\x64\release\loger.obj
e:\work\cpp\vsproj\glfw-3.3\xplane\x64\release\main.obj
e:\work\cpp\vsproj\glfw-3.3\xplane\x64\release\mesh.obj
e:\work\cpp\vsproj\glfw-3.3\xplane\x64\release\stlmeshloader.obj
e:\work\cpp\vsproj\glfw-3.3\xplane\x64\release\meshrenderer.obj
e:\work\cpp\vsproj\glfw-3.3\xplane\x64\release\mixerengine.obj
e:\work\cpp\vsproj\glfw-3.3\xplane\x64\release\mixergui.obj
e:\work\cpp\vsproj\glfw-3.3\xplane\x64\release\objectbuilder.obj
e:\work\cpp\vsproj\glfw-3.3\xplane\x64\release\window.nativecodeanalysis.sarif
e:\work\cpp\vsproj\glfw-3.3\xplane\x64\release\window.nativecodeanalysis.xml
e:\work\cpp\vsproj\glfw-3.3\xplane\x64\release\vectormath.nativecodeanalysis.sarif
e:\work\cpp\vsproj\glfw-3.3\xplane\x64\release\vectormath.nativecodeanalysis.xml
e:\work\cpp\vsproj\glfw-3.3\xplane\x64\release\shader.nativecodeanalysis.sarif
e:\work\cpp\vsproj\glfw-3.3\xplane\x64\release\shader.nativecodeanalysis.xml
e:\work\cpp\vsproj\glfw-3.3\xplane\x64\release\scenesaveloader.nativecodeanalysis.sarif
e:\work\cpp\vsproj\glfw-3.3\xplane\x64\release\scenesaveloader.nativecodeanalysis.xml
e:\work\cpp\vsproj\glfw-3.3\xplane\x64\release\scenerenderer.nativecodeanalysis.sarif
e:\work\cpp\vsproj\glfw-3.3\xplane\x64\release\scenerenderer.nativecodeanalysis.xml
e:\work\cpp\vsproj\glfw-3.3\xplane\x64\release\scene.nativecodeanalysis.sarif
e:\work\cpp\vsproj\glfw-3.3\xplane\x64\release\scene.nativecodeanalysis.xml
e:\work\cpp\vsproj\glfw-3.3\xplane\x64\release\esp1e7a.tmp
e:\work\cpp\vsproj\glfw-3.3\xplane\x64\release\mixer.tlog\cl.command.1.tlog
e:\work\cpp\vsproj\glfw-3.3\xplane\x64\release\mixer.tlog\cl.read.1.tlog
e:\work\cpp\vsproj\glfw-3.3\xplane\x64\release\mixer.tlog\cl.write.1.tlog
