e:\work\petroleum\vsproj\glfw-3.3\build\examples\heightmap.dir\debug\vc142.pdb
e:\work\petroleum\vsproj\glfw-3.3\build\examples\heightmap.dir\debug\glad_gl.obj
e:\work\petroleum\vsproj\glfw-3.3\build\examples\heightmap.dir\debug\heightmap.obj
e:\work\petroleum\vsproj\glfw-3.3\build\examples\cmakefiles\generate.stamp
e:\work\petroleum\vsproj\glfw-3.3\build\examples\debug\heightmap.ilk
e:\work\petroleum\vsproj\glfw-3.3\build\examples\debug\heightmap.exe
e:\work\petroleum\vsproj\glfw-3.3\build\examples\debug\heightmap.pdb
e:\work\petroleum\vsproj\glfw-3.3\build\examples\heightmap.dir\debug\glfw.res
e:\work\petroleum\vsproj\glfw-3.3\build\examples\heightmap.dir\debug\heightmap.tlog\cl.command.1.tlog
e:\work\petroleum\vsproj\glfw-3.3\build\examples\heightmap.dir\debug\heightmap.tlog\cl.read.1.tlog
e:\work\petroleum\vsproj\glfw-3.3\build\examples\heightmap.dir\debug\heightmap.tlog\cl.write.1.tlog
e:\work\petroleum\vsproj\glfw-3.3\build\examples\heightmap.dir\debug\heightmap.tlog\custombuild.command.1.tlog
e:\work\petroleum\vsproj\glfw-3.3\build\examples\heightmap.dir\debug\heightmap.tlog\custombuild.read.1.tlog
e:\work\petroleum\vsproj\glfw-3.3\build\examples\heightmap.dir\debug\heightmap.tlog\custombuild.write.1.tlog
e:\work\petroleum\vsproj\glfw-3.3\build\examples\heightmap.dir\debug\heightmap.tlog\link.command.1.tlog
e:\work\petroleum\vsproj\glfw-3.3\build\examples\heightmap.dir\debug\heightmap.tlog\link.read.1.tlog
e:\work\petroleum\vsproj\glfw-3.3\build\examples\heightmap.dir\debug\heightmap.tlog\link.write.1.tlog
e:\work\petroleum\vsproj\glfw-3.3\build\examples\heightmap.dir\debug\heightmap.tlog\rc.command.1.tlog
e:\work\petroleum\vsproj\glfw-3.3\build\examples\heightmap.dir\debug\heightmap.tlog\rc.read.1.tlog
e:\work\petroleum\vsproj\glfw-3.3\build\examples\heightmap.dir\debug\heightmap.tlog\rc.write.1.tlog
