e:\work\CPP\vsproj\glfw-3.3\build\examples\offscreen.dir\debug\vc142.pdb
e:\work\CPP\vsproj\glfw-3.3\build\examples\offscreen.dir\debug\glad_gl.obj
e:\work\CPP\vsproj\glfw-3.3\build\examples\offscreen.dir\debug\offscreen.obj
e:\work\CPP\vsproj\glfw-3.3\build\examples\cmakefiles\generate.stamp
e:\work\CPP\vsproj\glfw-3.3\build\examples\debug\offscreen.ilk
e:\work\CPP\vsproj\glfw-3.3\build\examples\debug\offscreen.exe
e:\work\CPP\vsproj\glfw-3.3\build\examples\debug\offscreen.pdb
e:\work\CPP\vsproj\glfw-3.3\build\examples\offscreen.dir\debug\glfw.res
e:\work\cpp\vsproj\glfw-3.3\build\examples\offscreen.dir\debug\glad_gl.obj
e:\work\cpp\vsproj\glfw-3.3\build\examples\offscreen.dir\debug\offscreen.obj
e:\work\cpp\vsproj\glfw-3.3\build\examples\offscreen.dir\debug\glfw.res
e:\work\cpp\vsproj\glfw-3.3\build\examples\offscreen.dir\debug\vc142.pdb
e:\work\cpp\vsproj\glfw-3.3\build\examples\offscreen.dir\debug\offscreen.tlog\cl.command.1.tlog
e:\work\cpp\vsproj\glfw-3.3\build\examples\offscreen.dir\debug\offscreen.tlog\cl.read.1.tlog
e:\work\cpp\vsproj\glfw-3.3\build\examples\offscreen.dir\debug\offscreen.tlog\cl.write.1.tlog
e:\work\cpp\vsproj\glfw-3.3\build\examples\offscreen.dir\debug\offscreen.tlog\custombuild.command.1.tlog
e:\work\cpp\vsproj\glfw-3.3\build\examples\offscreen.dir\debug\offscreen.tlog\custombuild.read.1.tlog
e:\work\cpp\vsproj\glfw-3.3\build\examples\offscreen.dir\debug\offscreen.tlog\custombuild.write.1.tlog
e:\work\cpp\vsproj\glfw-3.3\build\examples\offscreen.dir\debug\offscreen.tlog\link.command.1.tlog
e:\work\cpp\vsproj\glfw-3.3\build\examples\offscreen.dir\debug\offscreen.tlog\link.read.1.tlog
e:\work\cpp\vsproj\glfw-3.3\build\examples\offscreen.dir\debug\offscreen.tlog\link.write.1.tlog
e:\work\cpp\vsproj\glfw-3.3\build\examples\offscreen.dir\debug\offscreen.tlog\rc.command.1.tlog
e:\work\cpp\vsproj\glfw-3.3\build\examples\offscreen.dir\debug\offscreen.tlog\rc.read.1.tlog
e:\work\cpp\vsproj\glfw-3.3\build\examples\offscreen.dir\debug\offscreen.tlog\rc.write.1.tlog
