e:\work\CPP\vsproj\glfw-3.3\build\examples\boing.dir\debug\vc142.pdb
e:\work\CPP\vsproj\glfw-3.3\build\examples\boing.dir\debug\glad_gl.obj
e:\work\CPP\vsproj\glfw-3.3\build\examples\boing.dir\debug\boing.obj
e:\work\CPP\vsproj\glfw-3.3\build\examples\cmakefiles\generate.stamp
e:\work\CPP\vsproj\glfw-3.3\build\examples\debug\boing.ilk
e:\work\CPP\vsproj\glfw-3.3\build\examples\debug\boing.exe
e:\work\CPP\vsproj\glfw-3.3\build\examples\debug\boing.pdb
e:\work\CPP\vsproj\glfw-3.3\build\examples\boing.dir\debug\glfw.res
e:\work\cpp\vsproj\glfw-3.3\build\examples\boing.dir\debug\boing.obj
e:\work\cpp\vsproj\glfw-3.3\build\examples\boing.dir\debug\glad_gl.obj
e:\work\cpp\vsproj\glfw-3.3\build\examples\boing.dir\debug\glfw.res
e:\work\cpp\vsproj\glfw-3.3\build\examples\boing.dir\debug\vc142.pdb
e:\work\cpp\vsproj\glfw-3.3\build\examples\boing.dir\debug\boing.tlog\cl.command.1.tlog
e:\work\cpp\vsproj\glfw-3.3\build\examples\boing.dir\debug\boing.tlog\cl.read.1.tlog
e:\work\cpp\vsproj\glfw-3.3\build\examples\boing.dir\debug\boing.tlog\cl.write.1.tlog
e:\work\cpp\vsproj\glfw-3.3\build\examples\boing.dir\debug\boing.tlog\custombuild.command.1.tlog
e:\work\cpp\vsproj\glfw-3.3\build\examples\boing.dir\debug\boing.tlog\custombuild.read.1.tlog
e:\work\cpp\vsproj\glfw-3.3\build\examples\boing.dir\debug\boing.tlog\custombuild.write.1.tlog
e:\work\cpp\vsproj\glfw-3.3\build\examples\boing.dir\debug\boing.tlog\link.command.1.tlog
e:\work\cpp\vsproj\glfw-3.3\build\examples\boing.dir\debug\boing.tlog\link.read.1.tlog
e:\work\cpp\vsproj\glfw-3.3\build\examples\boing.dir\debug\boing.tlog\link.write.1.tlog
e:\work\cpp\vsproj\glfw-3.3\build\examples\boing.dir\debug\boing.tlog\rc.command.1.tlog
e:\work\cpp\vsproj\glfw-3.3\build\examples\boing.dir\debug\boing.tlog\rc.read.1.tlog
e:\work\cpp\vsproj\glfw-3.3\build\examples\boing.dir\debug\boing.tlog\rc.write.1.tlog
