e:\work\petroleum\vsproj\glfw-3.3\build\examples\gears.dir\debug\vc142.pdb
e:\work\petroleum\vsproj\glfw-3.3\build\examples\gears.dir\debug\glad_gl.obj
e:\work\petroleum\vsproj\glfw-3.3\build\examples\gears.dir\debug\gears.obj
e:\work\petroleum\vsproj\glfw-3.3\build\examples\cmakefiles\generate.stamp
e:\work\petroleum\vsproj\glfw-3.3\build\examples\debug\gears.ilk
e:\work\petroleum\vsproj\glfw-3.3\build\examples\debug\gears.exe
e:\work\petroleum\vsproj\glfw-3.3\build\examples\debug\gears.pdb
e:\work\petroleum\vsproj\glfw-3.3\build\examples\gears.dir\debug\glfw.res
e:\work\petroleum\vsproj\glfw-3.3\build\examples\gears.dir\debug\gears.tlog\cl.command.1.tlog
e:\work\petroleum\vsproj\glfw-3.3\build\examples\gears.dir\debug\gears.tlog\cl.read.1.tlog
e:\work\petroleum\vsproj\glfw-3.3\build\examples\gears.dir\debug\gears.tlog\cl.write.1.tlog
e:\work\petroleum\vsproj\glfw-3.3\build\examples\gears.dir\debug\gears.tlog\custombuild.command.1.tlog
e:\work\petroleum\vsproj\glfw-3.3\build\examples\gears.dir\debug\gears.tlog\custombuild.read.1.tlog
e:\work\petroleum\vsproj\glfw-3.3\build\examples\gears.dir\debug\gears.tlog\custombuild.write.1.tlog
e:\work\petroleum\vsproj\glfw-3.3\build\examples\gears.dir\debug\gears.tlog\link.command.1.tlog
e:\work\petroleum\vsproj\glfw-3.3\build\examples\gears.dir\debug\gears.tlog\link.read.1.tlog
e:\work\petroleum\vsproj\glfw-3.3\build\examples\gears.dir\debug\gears.tlog\link.write.1.tlog
e:\work\petroleum\vsproj\glfw-3.3\build\examples\gears.dir\debug\gears.tlog\rc.command.1.tlog
e:\work\petroleum\vsproj\glfw-3.3\build\examples\gears.dir\debug\gears.tlog\rc.read.1.tlog
e:\work\petroleum\vsproj\glfw-3.3\build\examples\gears.dir\debug\gears.tlog\rc.write.1.tlog
