e:\work\CPP\vsproj\glfw-3.3\build\examples\wave.dir\debug\vc142.pdb
e:\work\CPP\vsproj\glfw-3.3\build\examples\wave.dir\debug\glad_gl.obj
e:\work\CPP\vsproj\glfw-3.3\build\examples\wave.dir\debug\wave.obj
e:\work\CPP\vsproj\glfw-3.3\build\examples\cmakefiles\generate.stamp
e:\work\CPP\vsproj\glfw-3.3\build\examples\debug\wave.ilk
e:\work\CPP\vsproj\glfw-3.3\build\examples\debug\wave.exe
e:\work\CPP\vsproj\glfw-3.3\build\examples\debug\wave.pdb
e:\work\CPP\vsproj\glfw-3.3\build\examples\wave.dir\debug\glfw.res
e:\work\cpp\vsproj\glfw-3.3\build\examples\wave.dir\debug\glad_gl.obj
e:\work\cpp\vsproj\glfw-3.3\build\examples\wave.dir\debug\wave.obj
e:\work\cpp\vsproj\glfw-3.3\build\examples\wave.dir\debug\glfw.res
e:\work\cpp\vsproj\glfw-3.3\build\examples\wave.dir\debug\vc142.pdb
e:\work\cpp\vsproj\glfw-3.3\build\examples\wave.dir\debug\wave.tlog\cl.command.1.tlog
e:\work\cpp\vsproj\glfw-3.3\build\examples\wave.dir\debug\wave.tlog\cl.read.1.tlog
e:\work\cpp\vsproj\glfw-3.3\build\examples\wave.dir\debug\wave.tlog\cl.write.1.tlog
e:\work\cpp\vsproj\glfw-3.3\build\examples\wave.dir\debug\wave.tlog\custombuild.command.1.tlog
e:\work\cpp\vsproj\glfw-3.3\build\examples\wave.dir\debug\wave.tlog\custombuild.read.1.tlog
e:\work\cpp\vsproj\glfw-3.3\build\examples\wave.dir\debug\wave.tlog\custombuild.write.1.tlog
e:\work\cpp\vsproj\glfw-3.3\build\examples\wave.dir\debug\wave.tlog\link.command.1.tlog
e:\work\cpp\vsproj\glfw-3.3\build\examples\wave.dir\debug\wave.tlog\link.read.1.tlog
e:\work\cpp\vsproj\glfw-3.3\build\examples\wave.dir\debug\wave.tlog\link.write.1.tlog
e:\work\cpp\vsproj\glfw-3.3\build\examples\wave.dir\debug\wave.tlog\rc.command.1.tlog
e:\work\cpp\vsproj\glfw-3.3\build\examples\wave.dir\debug\wave.tlog\rc.read.1.tlog
e:\work\cpp\vsproj\glfw-3.3\build\examples\wave.dir\debug\wave.tlog\rc.write.1.tlog
