e:\work\petroleum\vsproj\glfw-3.3\build\examples\particles.dir\debug\vc142.pdb
e:\work\petroleum\vsproj\glfw-3.3\build\examples\particles.dir\debug\glad_gl.obj
e:\work\petroleum\vsproj\glfw-3.3\build\examples\particles.dir\debug\getopt.obj
e:\work\petroleum\vsproj\glfw-3.3\build\examples\particles.dir\debug\tinycthread.obj
e:\work\petroleum\vsproj\glfw-3.3\build\examples\particles.dir\debug\particles.obj
e:\work\petroleum\vsproj\glfw-3.3\build\examples\cmakefiles\generate.stamp
e:\work\petroleum\vsproj\glfw-3.3\build\examples\debug\particles.ilk
e:\work\petroleum\vsproj\glfw-3.3\build\examples\debug\particles.exe
e:\work\petroleum\vsproj\glfw-3.3\build\examples\debug\particles.pdb
e:\work\petroleum\vsproj\glfw-3.3\build\examples\particles.dir\debug\glfw.res
e:\work\petroleum\vsproj\glfw-3.3\build\examples\particles.dir\debug\particles.tlog\cl.command.1.tlog
e:\work\petroleum\vsproj\glfw-3.3\build\examples\particles.dir\debug\particles.tlog\cl.read.1.tlog
e:\work\petroleum\vsproj\glfw-3.3\build\examples\particles.dir\debug\particles.tlog\cl.write.1.tlog
e:\work\petroleum\vsproj\glfw-3.3\build\examples\particles.dir\debug\particles.tlog\custombuild.command.1.tlog
e:\work\petroleum\vsproj\glfw-3.3\build\examples\particles.dir\debug\particles.tlog\custombuild.read.1.tlog
e:\work\petroleum\vsproj\glfw-3.3\build\examples\particles.dir\debug\particles.tlog\custombuild.write.1.tlog
e:\work\petroleum\vsproj\glfw-3.3\build\examples\particles.dir\debug\particles.tlog\link.command.1.tlog
e:\work\petroleum\vsproj\glfw-3.3\build\examples\particles.dir\debug\particles.tlog\link.read.1.tlog
e:\work\petroleum\vsproj\glfw-3.3\build\examples\particles.dir\debug\particles.tlog\link.write.1.tlog
e:\work\petroleum\vsproj\glfw-3.3\build\examples\particles.dir\debug\particles.tlog\rc.command.1.tlog
e:\work\petroleum\vsproj\glfw-3.3\build\examples\particles.dir\debug\particles.tlog\rc.read.1.tlog
e:\work\petroleum\vsproj\glfw-3.3\build\examples\particles.dir\debug\particles.tlog\rc.write.1.tlog
