e:\work\CPP\vsproj\glfw-3.3\build\examples\sharing.dir\debug\vc142.pdb
e:\work\CPP\vsproj\glfw-3.3\build\examples\sharing.dir\debug\glad_gl.obj
e:\work\CPP\vsproj\glfw-3.3\build\examples\sharing.dir\debug\sharing.obj
e:\work\CPP\vsproj\glfw-3.3\build\examples\cmakefiles\generate.stamp
e:\work\CPP\vsproj\glfw-3.3\build\examples\debug\sharing.ilk
e:\work\CPP\vsproj\glfw-3.3\build\examples\debug\sharing.exe
e:\work\CPP\vsproj\glfw-3.3\build\examples\debug\sharing.pdb
e:\work\CPP\vsproj\glfw-3.3\build\examples\sharing.dir\debug\glfw.res
e:\work\cpp\vsproj\glfw-3.3\build\examples\sharing.dir\debug\glad_gl.obj
e:\work\cpp\vsproj\glfw-3.3\build\examples\sharing.dir\debug\sharing.obj
e:\work\cpp\vsproj\glfw-3.3\build\examples\sharing.dir\debug\glfw.res
e:\work\cpp\vsproj\glfw-3.3\build\examples\sharing.dir\debug\vc142.pdb
e:\work\cpp\vsproj\glfw-3.3\build\examples\sharing.dir\debug\sharing.tlog\cl.command.1.tlog
e:\work\cpp\vsproj\glfw-3.3\build\examples\sharing.dir\debug\sharing.tlog\cl.read.1.tlog
e:\work\cpp\vsproj\glfw-3.3\build\examples\sharing.dir\debug\sharing.tlog\cl.write.1.tlog
e:\work\cpp\vsproj\glfw-3.3\build\examples\sharing.dir\debug\sharing.tlog\custombuild.command.1.tlog
e:\work\cpp\vsproj\glfw-3.3\build\examples\sharing.dir\debug\sharing.tlog\custombuild.read.1.tlog
e:\work\cpp\vsproj\glfw-3.3\build\examples\sharing.dir\debug\sharing.tlog\custombuild.write.1.tlog
e:\work\cpp\vsproj\glfw-3.3\build\examples\sharing.dir\debug\sharing.tlog\link.command.1.tlog
e:\work\cpp\vsproj\glfw-3.3\build\examples\sharing.dir\debug\sharing.tlog\link.read.1.tlog
e:\work\cpp\vsproj\glfw-3.3\build\examples\sharing.dir\debug\sharing.tlog\link.write.1.tlog
e:\work\cpp\vsproj\glfw-3.3\build\examples\sharing.dir\debug\sharing.tlog\rc.command.1.tlog
e:\work\cpp\vsproj\glfw-3.3\build\examples\sharing.dir\debug\sharing.tlog\rc.read.1.tlog
e:\work\cpp\vsproj\glfw-3.3\build\examples\sharing.dir\debug\sharing.tlog\rc.write.1.tlog
