e:\work\petroleum\vsproj\glfw-3.3\build\examples\simple.dir\debug\vc142.pdb
e:\work\petroleum\vsproj\glfw-3.3\build\examples\simple.dir\debug\glad_gl.obj
e:\work\petroleum\vsproj\glfw-3.3\build\examples\simple.dir\debug\simple.obj
e:\work\petroleum\vsproj\glfw-3.3\build\examples\cmakefiles\generate.stamp
e:\work\petroleum\vsproj\glfw-3.3\build\examples\debug\simple.ilk
e:\work\petroleum\vsproj\glfw-3.3\build\examples\debug\simple.exe
e:\work\petroleum\vsproj\glfw-3.3\build\examples\debug\simple.pdb
e:\work\petroleum\vsproj\glfw-3.3\build\examples\simple.dir\debug\glfw.res
e:\work\petroleum\vsproj\glfw-3.3\build\examples\simple.dir\debug\simple.tlog\cl.command.1.tlog
e:\work\petroleum\vsproj\glfw-3.3\build\examples\simple.dir\debug\simple.tlog\cl.read.1.tlog
e:\work\petroleum\vsproj\glfw-3.3\build\examples\simple.dir\debug\simple.tlog\cl.write.1.tlog
e:\work\petroleum\vsproj\glfw-3.3\build\examples\simple.dir\debug\simple.tlog\custombuild.command.1.tlog
e:\work\petroleum\vsproj\glfw-3.3\build\examples\simple.dir\debug\simple.tlog\custombuild.read.1.tlog
e:\work\petroleum\vsproj\glfw-3.3\build\examples\simple.dir\debug\simple.tlog\custombuild.write.1.tlog
e:\work\petroleum\vsproj\glfw-3.3\build\examples\simple.dir\debug\simple.tlog\link.command.1.tlog
e:\work\petroleum\vsproj\glfw-3.3\build\examples\simple.dir\debug\simple.tlog\link.read.1.tlog
e:\work\petroleum\vsproj\glfw-3.3\build\examples\simple.dir\debug\simple.tlog\link.write.1.tlog
e:\work\petroleum\vsproj\glfw-3.3\build\examples\simple.dir\debug\simple.tlog\rc.command.1.tlog
e:\work\petroleum\vsproj\glfw-3.3\build\examples\simple.dir\debug\simple.tlog\rc.read.1.tlog
e:\work\petroleum\vsproj\glfw-3.3\build\examples\simple.dir\debug\simple.tlog\rc.write.1.tlog
