e:\work\petroleum\vsproj\glfw-3.3\build\examples\splitview.dir\debug\vc142.pdb
e:\work\petroleum\vsproj\glfw-3.3\build\examples\splitview.dir\debug\glad_gl.obj
e:\work\petroleum\vsproj\glfw-3.3\build\examples\splitview.dir\debug\splitview.obj
e:\work\petroleum\vsproj\glfw-3.3\build\examples\cmakefiles\generate.stamp
e:\work\petroleum\vsproj\glfw-3.3\build\examples\debug\splitview.ilk
e:\work\petroleum\vsproj\glfw-3.3\build\examples\debug\splitview.exe
e:\work\petroleum\vsproj\glfw-3.3\build\examples\debug\splitview.pdb
e:\work\petroleum\vsproj\glfw-3.3\build\examples\splitview.dir\debug\glfw.res
e:\work\petroleum\vsproj\glfw-3.3\build\examples\splitview.dir\debug\splitview.tlog\cl.command.1.tlog
e:\work\petroleum\vsproj\glfw-3.3\build\examples\splitview.dir\debug\splitview.tlog\cl.read.1.tlog
e:\work\petroleum\vsproj\glfw-3.3\build\examples\splitview.dir\debug\splitview.tlog\cl.write.1.tlog
e:\work\petroleum\vsproj\glfw-3.3\build\examples\splitview.dir\debug\splitview.tlog\custombuild.command.1.tlog
e:\work\petroleum\vsproj\glfw-3.3\build\examples\splitview.dir\debug\splitview.tlog\custombuild.read.1.tlog
e:\work\petroleum\vsproj\glfw-3.3\build\examples\splitview.dir\debug\splitview.tlog\custombuild.write.1.tlog
e:\work\petroleum\vsproj\glfw-3.3\build\examples\splitview.dir\debug\splitview.tlog\link.command.1.tlog
e:\work\petroleum\vsproj\glfw-3.3\build\examples\splitview.dir\debug\splitview.tlog\link.read.1.tlog
e:\work\petroleum\vsproj\glfw-3.3\build\examples\splitview.dir\debug\splitview.tlog\link.write.1.tlog
e:\work\petroleum\vsproj\glfw-3.3\build\examples\splitview.dir\debug\splitview.tlog\rc.command.1.tlog
e:\work\petroleum\vsproj\glfw-3.3\build\examples\splitview.dir\debug\splitview.tlog\rc.read.1.tlog
e:\work\petroleum\vsproj\glfw-3.3\build\examples\splitview.dir\debug\splitview.tlog\rc.write.1.tlog
